c:\users\noah wil5on\documents\rit work\4_01\ggp\shadergallery\shadergallery\x64\debug\vc141.pdb
c:\users\noah wil5on\documents\rit work\4_01\ggp\shadergallery\shadergallery\x64\debug\vc141.idb
c:\users\noah wil5on\documents\rit work\4_01\ggp\shadergallery\shadergallery\x64\debug\camera.obj
c:\users\noah wil5on\documents\rit work\4_01\ggp\shadergallery\shadergallery\x64\debug\dxcore.obj
c:\users\noah wil5on\documents\rit work\4_01\ggp\shadergallery\shadergallery\x64\debug\entity.obj
c:\users\noah wil5on\documents\rit work\4_01\ggp\shadergallery\shadergallery\x64\debug\game.obj
c:\users\noah wil5on\documents\rit work\4_01\ggp\shadergallery\shadergallery\x64\debug\main.obj
c:\users\noah wil5on\documents\rit work\4_01\ggp\shadergallery\shadergallery\x64\debug\material.obj
c:\users\noah wil5on\documents\rit work\4_01\ggp\shadergallery\shadergallery\x64\debug\mesh.obj
c:\users\noah wil5on\documents\rit work\4_01\ggp\shadergallery\shadergallery\x64\debug\simpleshader.obj
c:\users\noah wil5on\documents\rit work\4_01\ggp\shadergallery\x64\debug\pixelshader.cso
c:\users\noah wil5on\documents\rit work\4_01\ggp\shadergallery\x64\debug\vertexshader.cso
c:\users\noah wil5on\documents\rit work\4_01\ggp\shadergallery\x64\debug\shadergallery.exe
c:\users\noah wil5on\documents\rit work\4_01\ggp\shadergallery\x64\debug\shadergallery.ilk
c:\users\noah wil5on\documents\rit work\4_01\ggp\shadergallery\x64\debug\shadergallery.pdb
c:\users\noah wil5on\documents\rit work\4_01\ggp\shadergallery\shadergallery\x64\debug\shadergallery.tlog\cl.command.1.tlog
c:\users\noah wil5on\documents\rit work\4_01\ggp\shadergallery\shadergallery\x64\debug\shadergallery.tlog\cl.read.1.tlog
c:\users\noah wil5on\documents\rit work\4_01\ggp\shadergallery\shadergallery\x64\debug\shadergallery.tlog\cl.write.1.tlog
c:\users\noah wil5on\documents\rit work\4_01\ggp\shadergallery\shadergallery\x64\debug\shadergallery.tlog\fxc.command.1.tlog
c:\users\noah wil5on\documents\rit work\4_01\ggp\shadergallery\shadergallery\x64\debug\shadergallery.tlog\fxc.read.1.tlog
c:\users\noah wil5on\documents\rit work\4_01\ggp\shadergallery\shadergallery\x64\debug\shadergallery.tlog\fxc.write.1.tlog
c:\users\noah wil5on\documents\rit work\4_01\ggp\shadergallery\shadergallery\x64\debug\shadergallery.tlog\link.command.1.tlog
c:\users\noah wil5on\documents\rit work\4_01\ggp\shadergallery\shadergallery\x64\debug\shadergallery.tlog\link.read.1.tlog
c:\users\noah wil5on\documents\rit work\4_01\ggp\shadergallery\shadergallery\x64\debug\shadergallery.tlog\link.write.1.tlog
c:\users\noah wil5on\documents\rit work\4_01\ggp\shadergallery\shadergallery\x64\debug\shadergallery.tlog\shadergallery.write.1u.tlog
